<?xml version="1.0" encoding="UTF-8"?>
<testng-results total="5" passed="5" failed="0" skipped="0">
  <reporter-output>
  </reporter-output>
  <suite started-at="2024-01-08T07:22:39Z" name="Smoke" finished-at="2024-01-08T07:23:05Z" duration-ms="25381">
    <groups>
    </groups>
    <test started-at="2024-01-08T07:22:39Z" name="Test" finished-at="2024-01-08T07:23:05Z" duration-ms="25381">
      <class name="com.checkprojecttest.checklogintest">
        <test-method is-config="true" signature="beforemethod()[pri:0, instance:com.checkprojecttest.checklogintest@312aa7c]" started-at="2024-01-07T23:22:39Z" name="beforemethod" finished-at="2024-01-07T23:22:42Z" duration-ms="2799" status="PASS">
          <reporter-output>
          </reporter-output>
        </test-method> <!-- beforemethod -->
        <test-method signature="loginErrormessage()[pri:1, instance:com.checkprojecttest.checklogintest@312aa7c]" started-at="2024-01-07T23:22:42Z" name="loginErrormessage" finished-at="2024-01-07T23:22:44Z" duration-ms="1512" status="PASS">
          <reporter-output>
          </reporter-output>
        </test-method> <!-- loginErrormessage -->
        <test-method is-config="true" signature="teardown()[pri:0, instance:com.checkprojecttest.checklogintest@312aa7c]" started-at="2024-01-07T23:22:44Z" name="teardown" finished-at="2024-01-07T23:22:44Z" duration-ms="172" status="PASS">
          <reporter-output>
          </reporter-output>
        </test-method> <!-- teardown -->
        <test-method is-config="true" signature="beforemethod()[pri:0, instance:com.checkprojecttest.checklogintest@312aa7c]" started-at="2024-01-07T23:22:44Z" name="beforemethod" finished-at="2024-01-07T23:22:45Z" duration-ms="1361" status="PASS">
          <reporter-output>
          </reporter-output>
        </test-method> <!-- beforemethod -->
        <test-method signature="login()[pri:2, instance:com.checkprojecttest.checklogintest@312aa7c]" started-at="2024-01-07T23:22:45Z" name="login" finished-at="2024-01-07T23:22:49Z" duration-ms="3474" status="PASS">
          <reporter-output>
          </reporter-output>
        </test-method> <!-- login -->
        <test-method is-config="true" signature="teardown()[pri:0, instance:com.checkprojecttest.checklogintest@312aa7c]" started-at="2024-01-07T23:22:49Z" name="teardown" finished-at="2024-01-07T23:22:49Z" duration-ms="125" status="PASS">
          <reporter-output>
          </reporter-output>
        </test-method> <!-- teardown -->
        <test-method is-config="true" signature="beforemethod()[pri:0, instance:com.checkprojecttest.checklogintest@312aa7c]" started-at="2024-01-07T23:22:49Z" name="beforemethod" finished-at="2024-01-07T23:22:50Z" duration-ms="1648" status="PASS">
          <reporter-output>
          </reporter-output>
        </test-method> <!-- beforemethod -->
        <test-method signature="checkremberme()[pri:3, instance:com.checkprojecttest.checklogintest@312aa7c]" started-at="2024-01-07T23:22:50Z" name="checkremberme" finished-at="2024-01-07T23:22:57Z" duration-ms="6291" status="PASS">
          <reporter-output>
          </reporter-output>
        </test-method> <!-- checkremberme -->
        <test-method is-config="true" signature="teardown()[pri:0, instance:com.checkprojecttest.checklogintest@312aa7c]" started-at="2024-01-07T23:22:57Z" name="teardown" finished-at="2024-01-07T23:22:57Z" duration-ms="154" status="PASS">
          <reporter-output>
          </reporter-output>
        </test-method> <!-- teardown -->
        <test-method is-config="true" signature="beforemethod()[pri:0, instance:com.checkprojecttest.checklogintest@312aa7c]" started-at="2024-01-07T23:22:57Z" name="beforemethod" finished-at="2024-01-07T23:22:58Z" duration-ms="1611" status="PASS">
          <reporter-output>
          </reporter-output>
        </test-method> <!-- beforemethod -->
        <test-method signature="forgetpasswordwithrememberme()[pri:4, instance:com.checkprojecttest.checklogintest@312aa7c]" started-at="2024-01-07T23:22:58Z" name="forgetpasswordwithrememberme" finished-at="2024-01-07T23:23:01Z" duration-ms="2539" status="PASS">
          <reporter-output>
          </reporter-output>
        </test-method> <!-- forgetpasswordwithrememberme -->
        <test-method is-config="true" signature="teardown()[pri:0, instance:com.checkprojecttest.checklogintest@312aa7c]" started-at="2024-01-07T23:23:01Z" name="teardown" finished-at="2024-01-07T23:23:01Z" duration-ms="120" status="PASS">
          <reporter-output>
          </reporter-output>
        </test-method> <!-- teardown -->
        <test-method is-config="true" signature="beforemethod()[pri:0, instance:com.checkprojecttest.checklogintest@312aa7c]" started-at="2024-01-07T23:23:01Z" name="beforemethod" finished-at="2024-01-07T23:23:03Z" duration-ms="1628" status="PASS">
          <reporter-output>
          </reporter-output>
        </test-method> <!-- beforemethod -->
        <test-method signature="logininvalidUserandPassword()[pri:5, instance:com.checkprojecttest.checklogintest@312aa7c]" started-at="2024-01-07T23:23:03Z" name="logininvalidUserandPassword" finished-at="2024-01-07T23:23:05Z" duration-ms="1752" status="PASS">
          <reporter-output>
          </reporter-output>
        </test-method> <!-- logininvalidUserandPassword -->
        <test-method is-config="true" signature="teardown()[pri:0, instance:com.checkprojecttest.checklogintest@312aa7c]" started-at="2024-01-07T23:23:05Z" name="teardown" finished-at="2024-01-07T23:23:05Z" duration-ms="156" status="PASS">
          <reporter-output>
          </reporter-output>
        </test-method> <!-- teardown -->
      </class> <!-- com.checkprojecttest.checklogintest -->
    </test> <!-- Test -->
  </suite> <!-- Smoke -->
</testng-results>
