<?xml version="1.0" encoding="UTF-8"?>
<!-- Generated by org.testng.reporters.JUnitXMLReporter -->
<testsuite hostname="Pari-Laptop" failures="0" tests="5" name="Test" time="25.381" errors="0" timestamp="8 Jan 2024 07:23:05 GMT">
  <testcase classname="com.checkprojecttest.checklogintest" name="loginErrormessage" time="1.512"/>
  <testcase classname="com.checkprojecttest.checklogintest" name="login" time="3.474"/>
  <testcase classname="com.checkprojecttest.checklogintest" name="checkremberme" time="6.291"/>
  <testcase classname="com.checkprojecttest.checklogintest" name="forgetpasswordwithrememberme" time="2.539"/>
  <testcase classname="com.checkprojecttest.checklogintest" name="logininvalidUserandPassword" time="1.752"/>
</testsuite> <!-- Test -->
